<?xml version="1.0" encoding="UTF-8" ?>
<testsuite failures="0" time="0.015" errors="0" skipped="0" tests="1" name="com.mycompany.graylog2plugin.AppTest">
  <properties>
    <property name="java.runtime.name" value="Java(TM) SE Runtime Environment"/>
    <property name="sun.boot.library.path" value="/System/Library/Java/JavaVirtualMachines/1.6.0.jdk/Contents/Libraries"/>
    <property name="java.vm.version" value="20.8-b03-424"/>
    <property name="awt.nativeDoubleBuffering" value="true"/>
    <property name="gopherProxySet" value="false"/>
    <property name="mrj.build" value="11M3720"/>
    <property name="java.vm.vendor" value="Apple Inc."/>
    <property name="java.vendor.url" value="http://www.apple.com/"/>
    <property name="path.separator" value=":"/>
    <property name="java.vm.name" value="Java HotSpot(TM) 64-Bit Server VM"/>
    <property name="file.encoding.pkg" value="sun.io"/>
    <property name="user.country" value="US"/>
    <property name="sun.java.launcher" value="SUN_STANDARD"/>
    <property name="sun.os.patch.level" value="unknown"/>
    <property name="java.vm.specification.name" value="Java Virtual Machine Specification"/>
    <property name="user.dir" value="/Users/lennart.koopmann/workspace/graylog2-plugin"/>
    <property name="java.runtime.version" value="1.6.0_33-b03-424-11M3720"/>
    <property name="java.awt.graphicsenv" value="apple.awt.CGraphicsEnvironment"/>
    <property name="basedir" value="/Users/lennart.koopmann/workspace/graylog2-plugin"/>
    <property name="java.endorsed.dirs" value="/System/Library/Java/JavaVirtualMachines/1.6.0.jdk/Contents/Home/lib/endorsed"/>
    <property name="os.arch" value="x86_64"/>
    <property name="surefire.real.class.path" value="/Users/lennart.koopmann/workspace/graylog2-plugin/target/surefire/surefirebooter5212233495674564166.jar"/>
    <property name="java.io.tmpdir" value="/var/folders/sr/8g9mk1ds79bd2f2wgv01s__n711x6k/T/"/>
    <property name="line.separator" value="
"/>
    <property name="java.vm.specification.vendor" value="Sun Microsystems Inc."/>
    <property name="os.name" value="Mac OS X"/>
    <property name="sun.jnu.encoding" value="MacRoman"/>
    <property name="java.library.path" value=".:/Library/Java/Extensions:/System/Library/Java/Extensions:/usr/lib/java"/>
    <property name="surefire.test.class.path" value="/Users/lennart.koopmann/workspace/graylog2-plugin/target/test-classes:/Users/lennart.koopmann/workspace/graylog2-plugin/target/classes:/Users/lennart.koopmann/.m2/repository/junit/junit/3.8.1/junit-3.8.1.jar:/Users/lennart.koopmann/.m2/repository/org/mongodb/mongo-java-driver/2.7.1/mongo-java-driver-2.7.1.jar:/Users/lennart.koopmann/.m2/repository/org/drools/drools-compiler/5.3.0.Final/drools-compiler-5.3.0.Final.jar:/Users/lennart.koopmann/.m2/repository/org/drools/drools-core/5.3.0.Final/drools-core-5.3.0.Final.jar:/Users/lennart.koopmann/.m2/repository/org/drools/knowledge-api/5.3.0.Final/knowledge-api-5.3.0.Final.jar:/Users/lennart.koopmann/.m2/repository/org/antlr/antlr-runtime/3.3/antlr-runtime-3.3.jar:/Users/lennart.koopmann/.m2/repository/org/antlr/antlr/3.3/antlr-3.3.jar:/Users/lennart.koopmann/.m2/repository/org/antlr/stringtemplate/3.2.1/stringtemplate-3.2.1.jar:/Users/lennart.koopmann/.m2/repository/antlr/antlr/2.7.7/antlr-2.7.7.jar:/Users/lennart.koopmann/.m2/repository/org/eclipse/jdt/core/compiler/ecj/3.5.1/ecj-3.5.1.jar:/Users/lennart.koopmann/.m2/repository/org/mvel/mvel2/2.1.0.drools4/mvel2-2.1.0.drools4.jar:"/>
    <property name="java.specification.name" value="Java Platform API Specification"/>
    <property name="java.class.version" value="50.0"/>
    <property name="sun.management.compiler" value="HotSpot 64-Bit Tiered Compilers"/>
    <property name="os.version" value="10.7.4"/>
    <property name="http.nonProxyHosts" value="local|*.local|169.254/16|*.169.254/16"/>
    <property name="user.home" value="/Users/lennart.koopmann"/>
    <property name="user.timezone" value=""/>
    <property name="java.awt.printerjob" value="apple.awt.CPrinterJob"/>
    <property name="java.specification.version" value="1.6"/>
    <property name="file.encoding" value="MacRoman"/>
    <property name="user.name" value="lennart.koopmann"/>
    <property name="java.class.path" value="/Users/lennart.koopmann/workspace/graylog2-plugin/target/test-classes:/Users/lennart.koopmann/workspace/graylog2-plugin/target/classes:/Users/lennart.koopmann/.m2/repository/junit/junit/3.8.1/junit-3.8.1.jar:/Users/lennart.koopmann/.m2/repository/org/mongodb/mongo-java-driver/2.7.1/mongo-java-driver-2.7.1.jar:/Users/lennart.koopmann/.m2/repository/org/drools/drools-compiler/5.3.0.Final/drools-compiler-5.3.0.Final.jar:/Users/lennart.koopmann/.m2/repository/org/drools/drools-core/5.3.0.Final/drools-core-5.3.0.Final.jar:/Users/lennart.koopmann/.m2/repository/org/drools/knowledge-api/5.3.0.Final/knowledge-api-5.3.0.Final.jar:/Users/lennart.koopmann/.m2/repository/org/antlr/antlr-runtime/3.3/antlr-runtime-3.3.jar:/Users/lennart.koopmann/.m2/repository/org/antlr/antlr/3.3/antlr-3.3.jar:/Users/lennart.koopmann/.m2/repository/org/antlr/stringtemplate/3.2.1/stringtemplate-3.2.1.jar:/Users/lennart.koopmann/.m2/repository/antlr/antlr/2.7.7/antlr-2.7.7.jar:/Users/lennart.koopmann/.m2/repository/org/eclipse/jdt/core/compiler/ecj/3.5.1/ecj-3.5.1.jar:/Users/lennart.koopmann/.m2/repository/org/mvel/mvel2/2.1.0.drools4/mvel2-2.1.0.drools4.jar:"/>
    <property name="java.vm.specification.version" value="1.0"/>
    <property name="sun.arch.data.model" value="64"/>
    <property name="java.home" value="/System/Library/Java/JavaVirtualMachines/1.6.0.jdk/Contents/Home"/>
    <property name="sun.java.command" value="/Users/lennart.koopmann/workspace/graylog2-plugin/target/surefire/surefirebooter5212233495674564166.jar /Users/lennart.koopmann/workspace/graylog2-plugin/target/surefire/surefire1368201844970719325tmp /Users/lennart.koopmann/workspace/graylog2-plugin/target/surefire/surefire7556821024619893609tmp"/>
    <property name="java.specification.vendor" value="Sun Microsystems Inc."/>
    <property name="user.language" value="en"/>
    <property name="awt.toolkit" value="apple.awt.CToolkit"/>
    <property name="java.vm.info" value="mixed mode"/>
    <property name="java.version" value="1.6.0_33"/>
    <property name="java.ext.dirs" value="/Library/Java/Extensions:/System/Library/Java/Extensions:/System/Library/Java/JavaVirtualMachines/1.6.0.jdk/Contents/Home/lib/ext"/>
    <property name="sun.boot.class.path" value="/System/Library/Java/JavaVirtualMachines/1.6.0.jdk/Contents/Classes/jsfd.jar:/System/Library/Java/JavaVirtualMachines/1.6.0.jdk/Contents/Classes/classes.jar:/System/Library/Frameworks/JavaVM.framework/Frameworks/JavaRuntimeSupport.framework/Resources/Java/JavaRuntimeSupport.jar:/System/Library/Java/JavaVirtualMachines/1.6.0.jdk/Contents/Classes/ui.jar:/System/Library/Java/JavaVirtualMachines/1.6.0.jdk/Contents/Classes/laf.jar:/System/Library/Java/JavaVirtualMachines/1.6.0.jdk/Contents/Classes/sunrsasign.jar:/System/Library/Java/JavaVirtualMachines/1.6.0.jdk/Contents/Classes/jsse.jar:/System/Library/Java/JavaVirtualMachines/1.6.0.jdk/Contents/Classes/jce.jar:/System/Library/Java/JavaVirtualMachines/1.6.0.jdk/Contents/Classes/charsets.jar"/>
    <property name="java.vendor" value="Apple Inc."/>
    <property name="localRepository" value="/Users/lennart.koopmann/.m2/repository"/>
    <property name="file.separator" value="/"/>
    <property name="java.vendor.url.bug" value="http://bugreport.apple.com/"/>
    <property name="sun.cpu.endian" value="little"/>
    <property name="sun.io.unicode.encoding" value="UnicodeLittle"/>
    <property name="mrj.version" value="1070.1.6.0_33-424"/>
    <property name="socksNonProxyHosts" value="local|*.local|169.254/16|*.169.254/16"/>
    <property name="ftp.nonProxyHosts" value="local|*.local|169.254/16|*.169.254/16"/>
    <property name="sun.cpu.isalist" value=""/>
  </properties>
  <testcase time="0.001" classname="com.mycompany.graylog2plugin.AppTest" name="testApp"/>
</testsuite>